2020-06-24 01:47:24,112 - instabot version: 0.117.0 (bot) - INFO - Instabot version: 0.117.0 Started
2020-06-24 01:47:24,113 - instabot version: 0.117.0 (bot) - DEBUG - Bot imported from C:\Users\mokko\AppData\Local\Programs\Python\Python38-32\lib\site-packages\instabot\bot\bot.py
2020-06-24 01:47:24,119 - instabot version: 0.117.0 (api_login) - DEBUG - Loading cookies
2020-06-24 01:47:24,119 - instabot version: 0.117.0 (api_login) - DEBUG - Loading uuids
2020-06-24 01:47:24,119 - instabot version: 0.117.0 (api_login) - INFO - Recovery from c:\Users\mokko\Desktop\space-pictures/config/python_project_space_pictures_uuid_and_cookie.json: COOKIE True - UUIDs True - TIMING, DEVICE and ...
- user-agent=Instagram 117.0.0.28.123 Android (28/9.0; 420dpi; 1080x1920; OnePlus; ONEPLUS A3003; OnePlus3; qcom; en_US; 180322800)
- phone_id=42eea3d6-fff6-4c0a-8aa2-d76b93df318f
- uuid=cb53ba7f-fba1-4cb7-88c0-1e1becc5b664
- client_session_id=6bd0184b-0dde-43a6-96ee-825f511a60aa
- device_id=android-f12e7ee97617f2ad
2020-06-24 01:47:24,121 - instabot version: 0.117.0 (api_login) - INFO - LOGIN FLOW! Just logged-in: False
2020-06-24 01:47:25,314 - instabot version: 0.117.0 (api) - DEBUG - POST to endpoint: feed/timeline/ returned response: <Response [200]>
2020-06-24 01:47:25,763 - instabot version: 0.117.0 (api) - DEBUG - POST to endpoint: feed/reels_tray/ returned response: <Response [200]>
2020-06-24 01:47:26,059 - instabot version: 0.117.0 (api) - DEBUG - POST to endpoint: direct_v2/ranked_recipients/ returned response: <Response [200]>
2020-06-24 01:47:26,365 - instabot version: 0.117.0 (api) - DEBUG - POST to endpoint: direct_v2/ranked_recipients/ returned response: <Response [200]>
2020-06-24 01:47:26,649 - instabot version: 0.117.0 (api) - DEBUG - POST to endpoint: direct_v2/inbox/ returned response: <Response [200]>
2020-06-24 01:47:27,008 - instabot version: 0.117.0 (api) - DEBUG - GET to endpoint: direct_v2/get_presence/ returned response: <Response [200]>
2020-06-24 01:47:27,569 - instabot version: 0.117.0 (api) - DEBUG - GET to endpoint: news/inbox/?limited_activity=true&show_su=true returned response: <Response [200]>
2020-06-24 01:47:27,876 - instabot version: 0.117.0 (api) - DEBUG - GET to endpoint: users/profile_notice/ returned response: <Response [200]>
2020-06-24 01:47:28,211 - instabot version: 0.117.0 (api) - DEBUG - POST to endpoint: discover/explore/ returned response: <Response [200]>
2020-06-24 01:47:28,214 - instabot version: 0.117.0 (api) - INFO - Logged-in successfully as 'python_project_space_pictures'!
2020-06-24 01:47:28,215 - instabot version: 0.117.0 (bot_checkpoint) - DEBUG - Loading Checkpoint file from: c:\Users\mokko\Desktop\space-pictures/config/python_project_space_pictures.checkpoint
2020-06-24 01:47:49,596 - instabot version: 0.117.0 (api) - DEBUG - POST to endpoint: media/configure/? returned response: <Response [200]>
2020-06-24 01:47:49,896 - instabot version: 0.117.0 (api) - DEBUG - POST to endpoint: qe/expose/ returned response: <Response [200]>
2020-06-24 01:47:49,899 - instabot version: 0.117.0 (bot_photo) - INFO - Photo 'images/hubble.jpg' is uploaded.
2020-06-24 01:48:10,508 - instabot version: 0.117.0 (api) - DEBUG - POST to endpoint: media/configure/? returned response: <Response [200]>
2020-06-24 01:48:10,804 - instabot version: 0.117.0 (api) - DEBUG - POST to endpoint: qe/expose/ returned response: <Response [200]>
2020-06-24 01:48:10,805 - instabot version: 0.117.0 (bot_photo) - INFO - Photo 'images/hubble1.jpg' is uploaded.
2020-06-24 01:48:31,696 - instabot version: 0.117.0 (api) - DEBUG - POST to endpoint: media/configure/? returned response: <Response [200]>
2020-06-24 01:48:31,987 - instabot version: 0.117.0 (api) - DEBUG - POST to endpoint: qe/expose/ returned response: <Response [200]>
2020-06-24 01:48:31,989 - instabot version: 0.117.0 (bot_photo) - INFO - Photo 'images/spacex0.jpg' is uploaded.
2020-06-24 01:48:31,990 - instabot version: 0.117.0 (bot_checkpoint) - DEBUG - Saving Checkpoint file to: c:\Users\mokko\Desktop\space-pictures/config/python_project_space_pictures.checkpoint
2020-06-24 01:48:31,992 - instabot version: 0.117.0 (bot) - INFO - Total requests: 45
