2020-06-24 01:34:58,961 - instabot version: 0.117.0 (bot) - INFO - Instabot version: 0.117.0 Started
2020-06-24 01:34:58,963 - instabot version: 0.117.0 (bot) - DEBUG - Bot imported from C:\Users\mokko\AppData\Local\Programs\Python\Python38-32\lib\site-packages\instabot\bot\bot.py
2020-06-24 01:34:58,978 - instabot version: 0.117.0 (api_login) - DEBUG - Loading cookies
2020-06-24 01:34:58,979 - instabot version: 0.117.0 (api_login) - DEBUG - Loading uuids
2020-06-24 01:34:58,980 - instabot version: 0.117.0 (api_login) - INFO - Recovery from c:\Users\mokko\Desktop\space-pictures/config/python_project_space_pictures_uuid_and_cookie.json: COOKIE True - UUIDs True - TIMING, DEVICE and ...
- user-agent=Instagram 117.0.0.28.123 Android (28/9.0; 420dpi; 1080x1920; OnePlus; ONEPLUS A3003; OnePlus3; qcom; en_US; 180322800)
- phone_id=42eea3d6-fff6-4c0a-8aa2-d76b93df318f
- uuid=cb53ba7f-fba1-4cb7-88c0-1e1becc5b664
- client_session_id=6bd0184b-0dde-43a6-96ee-825f511a60aa
- device_id=android-f12e7ee97617f2ad
2020-06-24 01:34:58,982 - instabot version: 0.117.0 (api_login) - INFO - LOGIN FLOW! Just logged-in: False
2020-06-24 01:34:59,852 - instabot version: 0.117.0 (api) - DEBUG - POST to endpoint: feed/timeline/ returned response: <Response [200]>
2020-06-24 01:35:00,311 - instabot version: 0.117.0 (api) - DEBUG - POST to endpoint: feed/reels_tray/ returned response: <Response [200]>
2020-06-24 01:35:00,312 - instabot version: 0.117.0 (api) - INFO - Logged-in successfully as 'python_project_space_pictures'!
2020-06-24 01:35:00,312 - instabot version: 0.117.0 (bot_checkpoint) - DEBUG - Loading Checkpoint file from: c:\Users\mokko\Desktop\space-pictures/config/python_project_space_pictures.checkpoint
2020-06-24 01:35:01,861 - instabot version: 0.117.0 (api_photo) - ERROR - Photo does not have a compatible photo aspect ratio.
2020-06-24 01:35:01,863 - instabot version: 0.117.0 (bot_photo) - INFO - Photo 'images/spacex0.jpg' is not uploaded.
2020-06-24 01:35:01,874 - instabot version: 0.117.0 (bot) - INFO - Instabot version: 0.117.0 Started
2020-06-24 01:35:01,876 - instabot version: 0.117.0 (bot) - DEBUG - Bot imported from C:\Users\mokko\AppData\Local\Programs\Python\Python38-32\lib\site-packages\instabot\bot\bot.py
2020-06-24 01:35:01,898 - instabot version: 0.117.0 (api_login) - DEBUG - Loading cookies
2020-06-24 01:35:01,900 - instabot version: 0.117.0 (api_login) - DEBUG - Loading uuids
2020-06-24 01:35:01,901 - instabot version: 0.117.0 (api_login) - INFO - Recovery from c:\Users\mokko\Desktop\space-pictures/config/python_project_space_pictures_uuid_and_cookie.json: COOKIE True - UUIDs True - TIMING, DEVICE and ...
- user-agent=Instagram 117.0.0.28.123 Android (28/9.0; 420dpi; 1080x1920; OnePlus; ONEPLUS A3003; OnePlus3; qcom; en_US; 180322800)
- phone_id=42eea3d6-fff6-4c0a-8aa2-d76b93df318f
- uuid=cb53ba7f-fba1-4cb7-88c0-1e1becc5b664
- client_session_id=6bd0184b-0dde-43a6-96ee-825f511a60aa
- device_id=android-f12e7ee97617f2ad
2020-06-24 01:35:01,903 - instabot version: 0.117.0 (api_login) - INFO - LOGIN FLOW! Just logged-in: False
2020-06-24 01:35:02,677 - instabot version: 0.117.0 (api) - DEBUG - POST to endpoint: feed/timeline/ returned response: <Response [200]>
2020-06-24 01:35:03,101 - instabot version: 0.117.0 (api) - DEBUG - POST to endpoint: feed/reels_tray/ returned response: <Response [200]>
2020-06-24 01:35:03,104 - instabot version: 0.117.0 (api) - INFO - Logged-in successfully as 'python_project_space_pictures'!
2020-06-24 01:35:03,105 - instabot version: 0.117.0 (bot_checkpoint) - DEBUG - Loading Checkpoint file from: c:\Users\mokko\Desktop\space-pictures/config/python_project_space_pictures.checkpoint
2020-06-24 01:35:24,467 - instabot version: 0.117.0 (api) - DEBUG - POST to endpoint: media/configure/? returned response: <Response [200]>
2020-06-24 01:35:24,806 - instabot version: 0.117.0 (api) - DEBUG - POST to endpoint: qe/expose/ returned response: <Response [200]>
2020-06-24 01:35:24,808 - instabot version: 0.117.0 (bot_photo) - INFO - Photo 'images/spacex1.jpg' is uploaded.
2020-06-24 01:35:24,809 - instabot version: 0.117.0 (bot_checkpoint) - DEBUG - Saving Checkpoint file to: c:\Users\mokko\Desktop\space-pictures/config/python_project_space_pictures.checkpoint
2020-06-24 01:35:24,810 - instabot version: 0.117.0 (bot) - INFO - Total requests: 39
2020-06-24 01:35:24,812 - instabot version: 0.117.0 (bot_checkpoint) - DEBUG - Saving Checkpoint file to: c:\Users\mokko\Desktop\space-pictures/config/python_project_space_pictures.checkpoint
2020-06-24 01:35:24,813 - instabot version: 0.117.0 (bot) - INFO - Total requests: 37
2020-06-24 01:35:24,814 - instabot version: 0.117.0 (bot_checkpoint) - DEBUG - Saving Checkpoint file to: c:\Users\mokko\Desktop\space-pictures/config/python_project_space_pictures.checkpoint
2020-06-24 01:35:24,815 - instabot version: 0.117.0 (bot) - INFO - Total requests: 39
2020-06-24 01:35:24,817 - instabot version: 0.117.0 (bot_checkpoint) - DEBUG - Saving Checkpoint file to: c:\Users\mokko\Desktop\space-pictures/config/python_project_space_pictures.checkpoint
2020-06-24 01:35:24,820 - instabot version: 0.117.0 (bot) - INFO - Total requests: 39
